<?xml version="1.0" encoding="UTF-8"?>
<!-- Generated by org.testng.reporters.JUnitXMLReporter -->
<testsuite hostname="DESKTOP-JJ9SRSQ" ignored="0" name="Test" tests="27" failures="3" timestamp="2019-09-30T09:36:43 IST" time="81.281" errors="0">
  <testcase name="sum" time="0.016" classname="TestNG.InvocationCount"/>
  <testcase name="sum" time="0.005" classname="TestNG.InvocationCount"/>
  <testcase name="sum" time="0.002" classname="TestNG.InvocationCount"/>
  <testcase name="sum" time="0.002" classname="TestNG.InvocationCount"/>
  <testcase name="sum" time="0.001" classname="TestNG.InvocationCount"/>
  <testcase name="sum" time="0.002" classname="TestNG.InvocationCount"/>
  <testcase name="sum" time="0.003" classname="TestNG.InvocationCount"/>
  <testcase name="sum" time="0.004" classname="TestNG.InvocationCount"/>
  <testcase name="sum" time="0.002" classname="TestNG.InvocationCount"/>
  <testcase name="sum" time="0.0" classname="TestNG.InvocationCount"/>
  <testcase name="googleTitleTest" time="0.019" classname="TestNG.GoogleTest"/>
  <testcase name="imageValidation" time="0.11" classname="TestNG.GoogleTest"/>
  <testcase name="startUp" time="25.067" classname="OrangeHRMS.E2E"/>
  <testcase name="tearDown" time="1.094" classname="OrangeHRMS.E2E"/>
  <testcase name="login" time="0.004" classname="TestNG.TestNGFeatures">
    <failure type="java.lang.ArithmeticException" message="/ by zero">
      <![CDATA[java.lang.ArithmeticException: / by zero
at TestNG.TestNGFeatures.login(TestNGFeatures.java:10)
at java.util.ArrayList.forEach(ArrayList.java:1257)
... Removed 27 stack frames]]>
    </failure>
  </testcase> <!-- login -->
  <testcase name="HomePageTest" time="0.0" classname="TestNG.TestNGFeatures">
    <skipped/>
  </testcase> <!-- HomePageTest -->
  <testcase name="RegPage" time="0.0" classname="TestNG.TestNGFeatures">
    <skipped/>
  </testcase> <!-- RegPage -->
  <testcase name="searchPage" time="0.0" classname="TestNG.TestNGFeatures">
    <skipped/>
  </testcase> <!-- searchPage -->
  <testcase name="deleteAllCookies" time="0.002" classname="TestNG.TestNGPrc"/>
  <testcase name="googleTitleTest" time="0.027" classname="TestNG.TestNGPrc"/>
  <testcase name="googleTitleTet" time="0.004" classname="TestNG.TestNGPrc"/>
  <testcase name="imageValidation" time="0.087" classname="TestNG.TestNGPrc"/>
  <testcase name="logout" time="0.001" classname="TestNG.TestNGPrc"/>
  <testcase name="searchTest" time="0.004" classname="TestNG.TestNGPrc"/>
  <testcase name="infiniteLoop" time="4.012" classname="TestNG.ExceptionTimeOutTest">
    <failure type="org.testng.internal.thread.ThreadTimeoutException" message="Method TestNG.ExceptionTimeOutTest.infiniteLoop() didn&amp;apos;t finish within the time-out 4000">
      <![CDATA[org.testng.internal.thread.ThreadTimeoutException: Method TestNG.ExceptionTimeOutTest.infiniteLoop() didn't finish within the time-out 4000
at java.io.FileOutputStream.writeBytes(Native Method)
at java.io.FileOutputStream.write(FileOutputStream.java:326)
at java.io.BufferedOutputStream.flushBuffer(BufferedOutputStream.java:82)
at java.io.BufferedOutputStream.flush(BufferedOutputStream.java:140)
at java.io.PrintStream.write(PrintStream.java:482)
at sun.nio.cs.StreamEncoder.writeBytes(StreamEncoder.java:221)
at sun.nio.cs.StreamEncoder.implFlushBuffer(StreamEncoder.java:291)
at sun.nio.cs.StreamEncoder.flushBuffer(StreamEncoder.java:104)
at java.io.OutputStreamWriter.flushBuffer(OutputStreamWriter.java:185)
at java.io.PrintStream.write(PrintStream.java:527)
at java.io.PrintStream.print(PrintStream.java:597)
at java.io.PrintStream.println(PrintStream.java:736)
at TestNG.ExceptionTimeOutTest.infiniteLoop(ExceptionTimeOutTest.java:12)
at java.util.concurrent.Executors$RunnableAdapter.call(Executors.java:511)
at java.util.concurrent.FutureTask.run(FutureTask.java:266)
at java.util.concurrent.ThreadPoolExecutor.runWorker(ThreadPoolExecutor.java:1149)
at java.util.concurrent.ThreadPoolExecutor$Worker.run(ThreadPoolExecutor.java:624)
at java.lang.Thread.run(Thread.java:748)
... Removed 7 stack frames]]>
    </failure>
  </testcase> <!-- infiniteLoop -->
  <testcase name="googleTitleTest" time="0.045" classname="TestNG.GoogleTitleTest">
    <failure type="java.lang.AssertionError" message="expected [Google123] but found [Google]">
      <![CDATA[java.lang.AssertionError: expected [Google123] but found [Google]
at TestNG.GoogleTitleTest.googleTitleTest(GoogleTitleTest.java:30)
at java.util.ArrayList.forEach(ArrayList.java:1257)
... Removed 32 stack frames]]>
    </failure>
  </testcase> <!-- googleTitleTest -->
  <testcase name="imageValid" time="0.078" classname="TestNG.GoogleTitleTest"/>
</testsuite> <!-- Test -->
