<?xml version="1.0" encoding="UTF-8"?>
<testng-results skipped="3" failed="3" ignored="0" total="27" passed="21">
  <reporter-output>
  </reporter-output>
  <suite name="Suite" duration-ms="81281" started-at="2019-09-30T09:35:22 IST" finished-at="2019-09-30T09:36:43 IST">
    <groups>
      <group name="functional">
        <method signature="TestNGPrc.googleTitleTest()[pri:0, instance:TestNG.TestNGPrc@6321e813]" name="googleTitleTest" class="TestNG.TestNGPrc"/>
        <method signature="TestNGPrc.searchTest()[pri:0, instance:TestNG.TestNGPrc@6321e813]" name="searchTest" class="TestNG.TestNGPrc"/>
      </group> <!-- functional -->
      <group name="NF">
        <method signature="TestNGPrc.googleTitleTet()[pri:0, instance:TestNG.TestNGPrc@6321e813]" name="googleTitleTet" class="TestNG.TestNGPrc"/>
        <method signature="TestNGPrc.imageValidation()[pri:0, instance:TestNG.TestNGPrc@6321e813]" name="imageValidation" class="TestNG.TestNGPrc"/>
      </group> <!-- NF -->
      <group name="logo">
        <method signature="TestNGPrc.deleteAllCookies()[pri:0, instance:TestNG.TestNGPrc@6321e813]" name="deleteAllCookies" class="TestNG.TestNGPrc"/>
        <method signature="TestNGPrc.logout()[pri:0, instance:TestNG.TestNGPrc@6321e813]" name="logout" class="TestNG.TestNGPrc"/>
      </group> <!-- logo -->
    </groups>
    <test name="Test" duration-ms="81281" started-at="2019-09-30T09:35:22 IST" finished-at="2019-09-30T09:36:43 IST">
      <class name="TestNG.GoogleTitleTest">
        <test-method status="PASS" signature="SetUp()[pri:0, instance:TestNG.GoogleTitleTest@63e2203c]" name="SetUp" is-config="true" duration-ms="11341" started-at="2019-09-30T09:36:18 IST" finished-at="2019-09-30T09:36:29 IST">
          <reporter-output>
          </reporter-output>
        </test-method> <!-- SetUp -->
        <test-method status="FAIL" signature="googleTitleTest()[pri:0, instance:TestNG.GoogleTitleTest@63e2203c]" name="googleTitleTest" duration-ms="45" started-at="2019-09-30T09:36:29 IST" finished-at="2019-09-30T09:36:29 IST">
          <exception class="java.lang.AssertionError">
            <message>
              <![CDATA[expected [Google123] but found [Google]]]>
            </message>
            <full-stacktrace>
              <![CDATA[java.lang.AssertionError: expected [Google123] but found [Google]
at org.testng.Assert.fail(Assert.java:97)
at org.testng.Assert.assertEqualsImpl(Assert.java:136)
at org.testng.Assert.assertEquals(Assert.java:118)
at org.testng.Assert.assertEquals(Assert.java:575)
at org.testng.Assert.assertEquals(Assert.java:585)
at TestNG.GoogleTitleTest.googleTitleTest(GoogleTitleTest.java:30)
at sun.reflect.NativeMethodAccessorImpl.invoke0(Native Method)
at sun.reflect.NativeMethodAccessorImpl.invoke(NativeMethodAccessorImpl.java:62)
at sun.reflect.DelegatingMethodAccessorImpl.invoke(DelegatingMethodAccessorImpl.java:43)
at java.lang.reflect.Method.invoke(Method.java:498)
at org.testng.internal.MethodInvocationHelper.invokeMethod(MethodInvocationHelper.java:133)
at org.testng.internal.TestInvoker.invokeMethod(TestInvoker.java:584)
at org.testng.internal.TestInvoker.invokeTestMethod(TestInvoker.java:172)
at org.testng.internal.MethodRunner.runInSequence(MethodRunner.java:46)
at org.testng.internal.TestInvoker$MethodInvocationAgent.invoke(TestInvoker.java:804)
at org.testng.internal.TestInvoker.invokeTestMethods(TestInvoker.java:145)
at org.testng.internal.TestMethodWorker.invokeTestMethods(TestMethodWorker.java:146)
at org.testng.internal.TestMethodWorker.run(TestMethodWorker.java:128)
at java.util.ArrayList.forEach(ArrayList.java:1257)
at org.testng.TestRunner.privateRun(TestRunner.java:770)
at org.testng.TestRunner.run(TestRunner.java:591)
at org.testng.SuiteRunner.runTest(SuiteRunner.java:402)
at org.testng.SuiteRunner.runSequentially(SuiteRunner.java:396)
at org.testng.SuiteRunner.privateRun(SuiteRunner.java:355)
at org.testng.SuiteRunner.run(SuiteRunner.java:304)
at org.testng.SuiteRunnerWorker.runSuite(SuiteRunnerWorker.java:53)
at org.testng.SuiteRunnerWorker.run(SuiteRunnerWorker.java:96)
at org.testng.TestNG.runSuitesSequentially(TestNG.java:1180)
at org.testng.TestNG.runSuitesLocally(TestNG.java:1102)
at org.testng.TestNG.runSuites(TestNG.java:1032)
at org.testng.TestNG.run(TestNG.java:1000)
at org.testng.remote.AbstractRemoteTestNG.run(AbstractRemoteTestNG.java:115)
at org.testng.remote.RemoteTestNG.initAndRun(RemoteTestNG.java:251)
at org.testng.remote.RemoteTestNG.main(RemoteTestNG.java:77)
]]>
            </full-stacktrace>
          </exception> <!-- java.lang.AssertionError -->
          <reporter-output>
          </reporter-output>
        </test-method> <!-- googleTitleTest -->
        <test-method status="PASS" signature="tearDown()[pri:0, instance:TestNG.GoogleTitleTest@63e2203c]" name="tearDown" is-config="true" duration-ms="977" started-at="2019-09-30T09:36:29 IST" finished-at="2019-09-30T09:36:30 IST">
          <reporter-output>
          </reporter-output>
        </test-method> <!-- tearDown -->
        <test-method status="PASS" signature="SetUp()[pri:0, instance:TestNG.GoogleTitleTest@63e2203c]" name="SetUp" is-config="true" duration-ms="11983" started-at="2019-09-30T09:36:30 IST" finished-at="2019-09-30T09:36:42 IST">
          <reporter-output>
          </reporter-output>
        </test-method> <!-- SetUp -->
        <test-method status="PASS" signature="imageValid()[pri:0, instance:TestNG.GoogleTitleTest@63e2203c]" name="imageValid" duration-ms="78" started-at="2019-09-30T09:36:42 IST" finished-at="2019-09-30T09:36:42 IST">
          <reporter-output>
          </reporter-output>
        </test-method> <!-- imageValid -->
        <test-method status="PASS" signature="tearDown()[pri:0, instance:TestNG.GoogleTitleTest@63e2203c]" name="tearDown" is-config="true" duration-ms="956" started-at="2019-09-30T09:36:42 IST" finished-at="2019-09-30T09:36:43 IST">
          <reporter-output>
          </reporter-output>
        </test-method> <!-- tearDown -->
      </class> <!-- TestNG.GoogleTitleTest -->
      <class name="TestNG.TestNGFeatures">
        <test-method status="FAIL" signature="login()[pri:0, instance:TestNG.TestNGFeatures@3b084709]" name="login" duration-ms="4" started-at="2019-09-30T09:36:14 IST" finished-at="2019-09-30T09:36:14 IST">
          <exception class="java.lang.ArithmeticException">
            <message>
              <![CDATA[/ by zero]]>
            </message>
            <full-stacktrace>
              <![CDATA[java.lang.ArithmeticException: / by zero
at TestNG.TestNGFeatures.login(TestNGFeatures.java:10)
at sun.reflect.NativeMethodAccessorImpl.invoke0(Native Method)
at sun.reflect.NativeMethodAccessorImpl.invoke(NativeMethodAccessorImpl.java:62)
at sun.reflect.DelegatingMethodAccessorImpl.invoke(DelegatingMethodAccessorImpl.java:43)
at java.lang.reflect.Method.invoke(Method.java:498)
at org.testng.internal.MethodInvocationHelper.invokeMethod(MethodInvocationHelper.java:133)
at org.testng.internal.TestInvoker.invokeMethod(TestInvoker.java:584)
at org.testng.internal.TestInvoker.invokeTestMethod(TestInvoker.java:172)
at org.testng.internal.MethodRunner.runInSequence(MethodRunner.java:46)
at org.testng.internal.TestInvoker$MethodInvocationAgent.invoke(TestInvoker.java:804)
at org.testng.internal.TestInvoker.invokeTestMethods(TestInvoker.java:145)
at org.testng.internal.TestMethodWorker.invokeTestMethods(TestMethodWorker.java:146)
at org.testng.internal.TestMethodWorker.run(TestMethodWorker.java:128)
at java.util.ArrayList.forEach(ArrayList.java:1257)
at org.testng.TestRunner.privateRun(TestRunner.java:770)
at org.testng.TestRunner.run(TestRunner.java:591)
at org.testng.SuiteRunner.runTest(SuiteRunner.java:402)
at org.testng.SuiteRunner.runSequentially(SuiteRunner.java:396)
at org.testng.SuiteRunner.privateRun(SuiteRunner.java:355)
at org.testng.SuiteRunner.run(SuiteRunner.java:304)
at org.testng.SuiteRunnerWorker.runSuite(SuiteRunnerWorker.java:53)
at org.testng.SuiteRunnerWorker.run(SuiteRunnerWorker.java:96)
at org.testng.TestNG.runSuitesSequentially(TestNG.java:1180)
at org.testng.TestNG.runSuitesLocally(TestNG.java:1102)
at org.testng.TestNG.runSuites(TestNG.java:1032)
at org.testng.TestNG.run(TestNG.java:1000)
at org.testng.remote.AbstractRemoteTestNG.run(AbstractRemoteTestNG.java:115)
at org.testng.remote.RemoteTestNG.initAndRun(RemoteTestNG.java:251)
at org.testng.remote.RemoteTestNG.main(RemoteTestNG.java:77)
]]>
            </full-stacktrace>
          </exception> <!-- java.lang.ArithmeticException -->
          <reporter-output>
          </reporter-output>
        </test-method> <!-- login -->
        <test-method status="SKIP" signature="HomePageTest()[pri:0, instance:TestNG.TestNGFeatures@3b084709]" name="HomePageTest" duration-ms="0" started-at="2019-09-30T09:36:14 IST" depends-on-methods="TestNG.TestNGFeatures.login" finished-at="2019-09-30T09:36:14 IST">
          <exception class="java.lang.Throwable">
            <message>
              <![CDATA[Method TestNGFeatures.HomePageTest()[pri:0, instance:TestNG.TestNGFeatures@3b084709] depends on not successfully finished methods]]>
            </message>
            <full-stacktrace>
              <![CDATA[java.lang.Throwable: Method TestNGFeatures.HomePageTest()[pri:0, instance:TestNG.TestNGFeatures@3b084709] depends on not successfully finished methods
at org.testng.internal.TestInvoker.invokeTestMethods(TestInvoker.java:99)
at org.testng.internal.TestMethodWorker.invokeTestMethods(TestMethodWorker.java:146)
at org.testng.internal.TestMethodWorker.run(TestMethodWorker.java:128)
at java.util.ArrayList.forEach(ArrayList.java:1257)
at org.testng.TestRunner.privateRun(TestRunner.java:770)
at org.testng.TestRunner.run(TestRunner.java:591)
at org.testng.SuiteRunner.runTest(SuiteRunner.java:402)
at org.testng.SuiteRunner.runSequentially(SuiteRunner.java:396)
at org.testng.SuiteRunner.privateRun(SuiteRunner.java:355)
at org.testng.SuiteRunner.run(SuiteRunner.java:304)
at org.testng.SuiteRunnerWorker.runSuite(SuiteRunnerWorker.java:53)
at org.testng.SuiteRunnerWorker.run(SuiteRunnerWorker.java:96)
at org.testng.TestNG.runSuitesSequentially(TestNG.java:1180)
at org.testng.TestNG.runSuitesLocally(TestNG.java:1102)
at org.testng.TestNG.runSuites(TestNG.java:1032)
at org.testng.TestNG.run(TestNG.java:1000)
at org.testng.remote.AbstractRemoteTestNG.run(AbstractRemoteTestNG.java:115)
at org.testng.remote.RemoteTestNG.initAndRun(RemoteTestNG.java:251)
at org.testng.remote.RemoteTestNG.main(RemoteTestNG.java:77)
]]>
            </full-stacktrace>
          </exception> <!-- java.lang.Throwable -->
          <reporter-output>
          </reporter-output>
        </test-method> <!-- HomePageTest -->
        <test-method status="SKIP" signature="RegPage()[pri:0, instance:TestNG.TestNGFeatures@3b084709]" name="RegPage" duration-ms="0" started-at="2019-09-30T09:36:14 IST" depends-on-methods="TestNG.TestNGFeatures.login" finished-at="2019-09-30T09:36:14 IST">
          <exception class="java.lang.Throwable">
            <message>
              <![CDATA[Method TestNGFeatures.RegPage()[pri:0, instance:TestNG.TestNGFeatures@3b084709] depends on not successfully finished methods]]>
            </message>
            <full-stacktrace>
              <![CDATA[java.lang.Throwable: Method TestNGFeatures.RegPage()[pri:0, instance:TestNG.TestNGFeatures@3b084709] depends on not successfully finished methods
at org.testng.internal.TestInvoker.invokeTestMethods(TestInvoker.java:99)
at org.testng.internal.TestMethodWorker.invokeTestMethods(TestMethodWorker.java:146)
at org.testng.internal.TestMethodWorker.run(TestMethodWorker.java:128)
at java.util.ArrayList.forEach(ArrayList.java:1257)
at org.testng.TestRunner.privateRun(TestRunner.java:770)
at org.testng.TestRunner.run(TestRunner.java:591)
at org.testng.SuiteRunner.runTest(SuiteRunner.java:402)
at org.testng.SuiteRunner.runSequentially(SuiteRunner.java:396)
at org.testng.SuiteRunner.privateRun(SuiteRunner.java:355)
at org.testng.SuiteRunner.run(SuiteRunner.java:304)
at org.testng.SuiteRunnerWorker.runSuite(SuiteRunnerWorker.java:53)
at org.testng.SuiteRunnerWorker.run(SuiteRunnerWorker.java:96)
at org.testng.TestNG.runSuitesSequentially(TestNG.java:1180)
at org.testng.TestNG.runSuitesLocally(TestNG.java:1102)
at org.testng.TestNG.runSuites(TestNG.java:1032)
at org.testng.TestNG.run(TestNG.java:1000)
at org.testng.remote.AbstractRemoteTestNG.run(AbstractRemoteTestNG.java:115)
at org.testng.remote.RemoteTestNG.initAndRun(RemoteTestNG.java:251)
at org.testng.remote.RemoteTestNG.main(RemoteTestNG.java:77)
]]>
            </full-stacktrace>
          </exception> <!-- java.lang.Throwable -->
          <reporter-output>
          </reporter-output>
        </test-method> <!-- RegPage -->
        <test-method status="SKIP" signature="searchPage()[pri:0, instance:TestNG.TestNGFeatures@3b084709]" name="searchPage" duration-ms="0" started-at="2019-09-30T09:36:14 IST" depends-on-methods="TestNG.TestNGFeatures.login" finished-at="2019-09-30T09:36:14 IST">
          <exception class="java.lang.Throwable">
            <message>
              <![CDATA[Method TestNGFeatures.searchPage()[pri:0, instance:TestNG.TestNGFeatures@3b084709] depends on not successfully finished methods]]>
            </message>
            <full-stacktrace>
              <![CDATA[java.lang.Throwable: Method TestNGFeatures.searchPage()[pri:0, instance:TestNG.TestNGFeatures@3b084709] depends on not successfully finished methods
at org.testng.internal.TestInvoker.invokeTestMethods(TestInvoker.java:99)
at org.testng.internal.TestMethodWorker.invokeTestMethods(TestMethodWorker.java:146)
at org.testng.internal.TestMethodWorker.run(TestMethodWorker.java:128)
at java.util.ArrayList.forEach(ArrayList.java:1257)
at org.testng.TestRunner.privateRun(TestRunner.java:770)
at org.testng.TestRunner.run(TestRunner.java:591)
at org.testng.SuiteRunner.runTest(SuiteRunner.java:402)
at org.testng.SuiteRunner.runSequentially(SuiteRunner.java:396)
at org.testng.SuiteRunner.privateRun(SuiteRunner.java:355)
at org.testng.SuiteRunner.run(SuiteRunner.java:304)
at org.testng.SuiteRunnerWorker.runSuite(SuiteRunnerWorker.java:53)
at org.testng.SuiteRunnerWorker.run(SuiteRunnerWorker.java:96)
at org.testng.TestNG.runSuitesSequentially(TestNG.java:1180)
at org.testng.TestNG.runSuitesLocally(TestNG.java:1102)
at org.testng.TestNG.runSuites(TestNG.java:1032)
at org.testng.TestNG.run(TestNG.java:1000)
at org.testng.remote.AbstractRemoteTestNG.run(AbstractRemoteTestNG.java:115)
at org.testng.remote.RemoteTestNG.initAndRun(RemoteTestNG.java:251)
at org.testng.remote.RemoteTestNG.main(RemoteTestNG.java:77)
]]>
            </full-stacktrace>
          </exception> <!-- java.lang.Throwable -->
          <reporter-output>
          </reporter-output>
        </test-method> <!-- searchPage -->
      </class> <!-- TestNG.TestNGFeatures -->
      <class name="TestNG.ExceptionTimeOutTest">
        <test-method status="FAIL" signature="infiniteLoop()[pri:0, instance:TestNG.ExceptionTimeOutTest@3224f60b]" name="infiniteLoop" duration-ms="4012" started-at="2019-09-30T09:36:14 IST" finished-at="2019-09-30T09:36:18 IST">
          <exception class="org.testng.internal.thread.ThreadTimeoutException">
            <message>
              <![CDATA[Method TestNG.ExceptionTimeOutTest.infiniteLoop() didn't finish within the time-out 4000]]>
            </message>
            <full-stacktrace>
              <![CDATA[org.testng.internal.thread.ThreadTimeoutException: Method TestNG.ExceptionTimeOutTest.infiniteLoop() didn't finish within the time-out 4000
at java.io.FileOutputStream.writeBytes(Native Method)
at java.io.FileOutputStream.write(FileOutputStream.java:326)
at java.io.BufferedOutputStream.flushBuffer(BufferedOutputStream.java:82)
at java.io.BufferedOutputStream.flush(BufferedOutputStream.java:140)
at java.io.PrintStream.write(PrintStream.java:482)
at sun.nio.cs.StreamEncoder.writeBytes(StreamEncoder.java:221)
at sun.nio.cs.StreamEncoder.implFlushBuffer(StreamEncoder.java:291)
at sun.nio.cs.StreamEncoder.flushBuffer(StreamEncoder.java:104)
at java.io.OutputStreamWriter.flushBuffer(OutputStreamWriter.java:185)
at java.io.PrintStream.write(PrintStream.java:527)
at java.io.PrintStream.print(PrintStream.java:597)
at java.io.PrintStream.println(PrintStream.java:736)
at TestNG.ExceptionTimeOutTest.infiniteLoop(ExceptionTimeOutTest.java:12)
at sun.reflect.NativeMethodAccessorImpl.invoke0(Native Method)
at sun.reflect.NativeMethodAccessorImpl.invoke(NativeMethodAccessorImpl.java:62)
at sun.reflect.DelegatingMethodAccessorImpl.invoke(DelegatingMethodAccessorImpl.java:43)
at java.lang.reflect.Method.invoke(Method.java:498)
at org.testng.internal.MethodInvocationHelper.invokeMethod(MethodInvocationHelper.java:133)
at org.testng.internal.InvokeMethodRunnable.runOne(InvokeMethodRunnable.java:51)
at org.testng.internal.InvokeMethodRunnable.run(InvokeMethodRunnable.java:41)
at java.util.concurrent.Executors$RunnableAdapter.call(Executors.java:511)
at java.util.concurrent.FutureTask.run(FutureTask.java:266)
at java.util.concurrent.ThreadPoolExecutor.runWorker(ThreadPoolExecutor.java:1149)
at java.util.concurrent.ThreadPoolExecutor$Worker.run(ThreadPoolExecutor.java:624)
at java.lang.Thread.run(Thread.java:748)
]]>
            </full-stacktrace>
          </exception> <!-- org.testng.internal.thread.ThreadTimeoutException -->
          <reporter-output>
          </reporter-output>
        </test-method> <!-- infiniteLoop -->
      </class> <!-- TestNG.ExceptionTimeOutTest -->
      <class name="OrangeHRMS.E2E">
        <test-method status="PASS" signature="startUp()[pri:1, instance:OrangeHRMS.E2E@57855c9a]" name="startUp" duration-ms="25067" started-at="2019-09-30T09:35:47 IST" finished-at="2019-09-30T09:36:12 IST">
          <reporter-output>
          </reporter-output>
        </test-method> <!-- startUp -->
        <test-method status="PASS" signature="tearDown()[pri:2, instance:OrangeHRMS.E2E@57855c9a]" name="tearDown" duration-ms="1094" started-at="2019-09-30T09:36:12 IST" finished-at="2019-09-30T09:36:14 IST">
          <reporter-output>
          </reporter-output>
        </test-method> <!-- tearDown -->
      </class> <!-- OrangeHRMS.E2E -->
      <class name="TestNG.TestNGPrc">
        <test-method status="PASS" signature="SetUp()[pri:0, instance:TestNG.TestNGPrc@6321e813]" name="SetUp" is-config="true" duration-ms="12884" started-at="2019-09-30T09:35:09 IST" finished-at="2019-09-30T09:35:22 IST">
          <reporter-output>
          </reporter-output>
        </test-method> <!-- SetUp -->
        <test-method status="PASS" signature="login()[pri:0, instance:TestNG.TestNGPrc@6321e813]" name="login" is-config="true" duration-ms="1" started-at="2019-09-30T09:35:22 IST" finished-at="2019-09-30T09:35:22 IST">
          <reporter-output>
          </reporter-output>
        </test-method> <!-- login -->
        <test-method status="PASS" signature="launchBrowser()[pri:0, instance:TestNG.TestNGPrc@6321e813]" name="launchBrowser" is-config="true" duration-ms="5" started-at="2019-09-30T09:36:14 IST" finished-at="2019-09-30T09:36:14 IST">
          <reporter-output>
          </reporter-output>
        </test-method> <!-- launchBrowser -->
        <test-method status="PASS" signature="enterURL()[pri:0, instance:TestNG.TestNGPrc@6321e813]" name="enterURL" is-config="true" duration-ms="1" started-at="2019-09-30T09:36:14 IST" finished-at="2019-09-30T09:36:14 IST">
          <reporter-output>
          </reporter-output>
        </test-method> <!-- enterURL -->
        <test-method status="PASS" signature="deleteAllCookies()[pri:0, instance:TestNG.TestNGPrc@6321e813]" name="deleteAllCookies" duration-ms="2" started-at="2019-09-30T09:36:14 IST" finished-at="2019-09-30T09:36:14 IST">
          <reporter-output>
          </reporter-output>
        </test-method> <!-- deleteAllCookies -->
        <test-method status="PASS" signature="enterURL()[pri:0, instance:TestNG.TestNGPrc@6321e813]" name="enterURL" is-config="true" duration-ms="4" started-at="2019-09-30T09:36:14 IST" finished-at="2019-09-30T09:36:14 IST">
          <reporter-output>
          </reporter-output>
        </test-method> <!-- enterURL -->
        <test-method status="PASS" signature="googleTitleTest()[pri:0, instance:TestNG.TestNGPrc@6321e813]" name="googleTitleTest" duration-ms="27" started-at="2019-09-30T09:36:14 IST" finished-at="2019-09-30T09:36:14 IST">
          <reporter-output>
          </reporter-output>
        </test-method> <!-- googleTitleTest -->
        <test-method status="PASS" signature="googleTitleTet()[pri:0, instance:TestNG.TestNGPrc@6321e813]" name="googleTitleTet" duration-ms="4" started-at="2019-09-30T09:36:14 IST" finished-at="2019-09-30T09:36:14 IST">
          <reporter-output>
          </reporter-output>
        </test-method> <!-- googleTitleTet -->
        <test-method status="PASS" signature="enterURL()[pri:0, instance:TestNG.TestNGPrc@6321e813]" name="enterURL" is-config="true" duration-ms="0" started-at="2019-09-30T09:36:14 IST" finished-at="2019-09-30T09:36:14 IST">
          <reporter-output>
          </reporter-output>
        </test-method> <!-- enterURL -->
        <test-method status="PASS" signature="enterURL()[pri:0, instance:TestNG.TestNGPrc@6321e813]" name="enterURL" is-config="true" duration-ms="0" started-at="2019-09-30T09:36:14 IST" finished-at="2019-09-30T09:36:14 IST">
          <reporter-output>
          </reporter-output>
        </test-method> <!-- enterURL -->
        <test-method status="PASS" signature="imageValidation()[pri:0, instance:TestNG.TestNGPrc@6321e813]" name="imageValidation" duration-ms="87" started-at="2019-09-30T09:36:14 IST" finished-at="2019-09-30T09:36:14 IST">
          <reporter-output>
          </reporter-output>
        </test-method> <!-- imageValidation -->
        <test-method status="PASS" signature="logout()[pri:0, instance:TestNG.TestNGPrc@6321e813]" name="logout" duration-ms="1" started-at="2019-09-30T09:36:14 IST" finished-at="2019-09-30T09:36:14 IST">
          <reporter-output>
          </reporter-output>
        </test-method> <!-- logout -->
        <test-method status="PASS" signature="enterURL()[pri:0, instance:TestNG.TestNGPrc@6321e813]" name="enterURL" is-config="true" duration-ms="0" started-at="2019-09-30T09:36:14 IST" finished-at="2019-09-30T09:36:14 IST">
          <reporter-output>
          </reporter-output>
        </test-method> <!-- enterURL -->
        <test-method status="PASS" signature="searchTest()[pri:0, instance:TestNG.TestNGPrc@6321e813]" name="searchTest" duration-ms="4" started-at="2019-09-30T09:36:14 IST" finished-at="2019-09-30T09:36:14 IST">
          <reporter-output>
          </reporter-output>
        </test-method> <!-- searchTest -->
        <test-method status="PASS" signature="enterURL()[pri:0, instance:TestNG.TestNGPrc@6321e813]" name="enterURL" is-config="true" duration-ms="0" started-at="2019-09-30T09:36:14 IST" finished-at="2019-09-30T09:36:14 IST">
          <reporter-output>
          </reporter-output>
        </test-method> <!-- enterURL -->
        <test-method status="PASS" signature="closeBrowser()[pri:0, instance:TestNG.TestNGPrc@6321e813]" name="closeBrowser" is-config="true" duration-ms="0" started-at="2019-09-30T09:36:14 IST" finished-at="2019-09-30T09:36:14 IST">
          <reporter-output>
          </reporter-output>
        </test-method> <!-- closeBrowser -->
        <test-method status="PASS" signature="generateTestReport()[pri:0, instance:TestNG.TestNGPrc@6321e813]" name="generateTestReport" is-config="true" duration-ms="13" started-at="2019-09-30T09:36:43 IST" finished-at="2019-09-30T09:36:43 IST">
          <reporter-output>
          </reporter-output>
        </test-method> <!-- generateTestReport -->
      </class> <!-- TestNG.TestNGPrc -->
      <class name="TestNG.InvocationCount">
        <test-method status="PASS" signature="sum()[pri:0, instance:TestNG.InvocationCount@79be0360]" name="sum" duration-ms="16" started-at="2019-09-30T09:35:22 IST" finished-at="2019-09-30T09:35:22 IST">
          <reporter-output>
          </reporter-output>
        </test-method> <!-- sum -->
        <test-method status="PASS" signature="sum()[pri:0, instance:TestNG.InvocationCount@79be0360]" name="sum" duration-ms="5" started-at="2019-09-30T09:35:22 IST" finished-at="2019-09-30T09:35:22 IST">
          <reporter-output>
          </reporter-output>
        </test-method> <!-- sum -->
        <test-method status="PASS" signature="sum()[pri:0, instance:TestNG.InvocationCount@79be0360]" name="sum" duration-ms="2" started-at="2019-09-30T09:35:22 IST" finished-at="2019-09-30T09:35:22 IST">
          <reporter-output>
          </reporter-output>
        </test-method> <!-- sum -->
        <test-method status="PASS" signature="sum()[pri:0, instance:TestNG.InvocationCount@79be0360]" name="sum" duration-ms="2" started-at="2019-09-30T09:35:22 IST" finished-at="2019-09-30T09:35:22 IST">
          <reporter-output>
          </reporter-output>
        </test-method> <!-- sum -->
        <test-method status="PASS" signature="sum()[pri:0, instance:TestNG.InvocationCount@79be0360]" name="sum" duration-ms="1" started-at="2019-09-30T09:35:22 IST" finished-at="2019-09-30T09:35:22 IST">
          <reporter-output>
          </reporter-output>
        </test-method> <!-- sum -->
        <test-method status="PASS" signature="sum()[pri:0, instance:TestNG.InvocationCount@79be0360]" name="sum" duration-ms="2" started-at="2019-09-30T09:35:22 IST" finished-at="2019-09-30T09:35:22 IST">
          <reporter-output>
          </reporter-output>
        </test-method> <!-- sum -->
        <test-method status="PASS" signature="sum()[pri:0, instance:TestNG.InvocationCount@79be0360]" name="sum" duration-ms="3" started-at="2019-09-30T09:35:22 IST" finished-at="2019-09-30T09:35:22 IST">
          <reporter-output>
          </reporter-output>
        </test-method> <!-- sum -->
        <test-method status="PASS" signature="sum()[pri:0, instance:TestNG.InvocationCount@79be0360]" name="sum" duration-ms="4" started-at="2019-09-30T09:35:22 IST" finished-at="2019-09-30T09:35:22 IST">
          <reporter-output>
          </reporter-output>
        </test-method> <!-- sum -->
        <test-method status="PASS" signature="sum()[pri:0, instance:TestNG.InvocationCount@79be0360]" name="sum" duration-ms="2" started-at="2019-09-30T09:35:22 IST" finished-at="2019-09-30T09:35:22 IST">
          <reporter-output>
          </reporter-output>
        </test-method> <!-- sum -->
        <test-method status="PASS" signature="sum()[pri:0, instance:TestNG.InvocationCount@79be0360]" name="sum" duration-ms="0" started-at="2019-09-30T09:35:22 IST" finished-at="2019-09-30T09:35:22 IST">
          <reporter-output>
          </reporter-output>
        </test-method> <!-- sum -->
      </class> <!-- TestNG.InvocationCount -->
      <class name="TestNG.GoogleTest">
        <test-method status="PASS" signature="SetUp()[pri:0, instance:TestNG.GoogleTest@22a67b4]" name="SetUp" is-config="true" duration-ms="12504" started-at="2019-09-30T09:35:22 IST" finished-at="2019-09-30T09:35:34 IST">
          <reporter-output>
          </reporter-output>
        </test-method> <!-- SetUp -->
        <test-method status="PASS" signature="googleTitleTest()[pri:0, instance:TestNG.GoogleTest@22a67b4]" name="googleTitleTest" duration-ms="19" started-at="2019-09-30T09:35:34 IST" finished-at="2019-09-30T09:35:34 IST">
          <reporter-output>
          </reporter-output>
        </test-method> <!-- googleTitleTest -->
        <test-method status="PASS" signature="tearDown()[pri:0, instance:TestNG.GoogleTest@22a67b4]" name="tearDown" is-config="true" duration-ms="696" started-at="2019-09-30T09:35:34 IST" finished-at="2019-09-30T09:35:35 IST">
          <reporter-output>
          </reporter-output>
        </test-method> <!-- tearDown -->
        <test-method status="PASS" signature="SetUp()[pri:0, instance:TestNG.GoogleTest@22a67b4]" name="SetUp" is-config="true" duration-ms="11363" started-at="2019-09-30T09:35:35 IST" finished-at="2019-09-30T09:35:47 IST">
          <reporter-output>
          </reporter-output>
        </test-method> <!-- SetUp -->
        <test-method status="PASS" signature="imageValidation()[pri:0, instance:TestNG.GoogleTest@22a67b4]" name="imageValidation" duration-ms="110" started-at="2019-09-30T09:35:47 IST" finished-at="2019-09-30T09:35:47 IST">
          <reporter-output>
          </reporter-output>
        </test-method> <!-- imageValidation -->
        <test-method status="PASS" signature="tearDown()[pri:0, instance:TestNG.GoogleTest@22a67b4]" name="tearDown" is-config="true" duration-ms="703" started-at="2019-09-30T09:35:47 IST" finished-at="2019-09-30T09:35:47 IST">
          <reporter-output>
          </reporter-output>
        </test-method> <!-- tearDown -->
      </class> <!-- TestNG.GoogleTest -->
    </test> <!-- Test -->
  </suite> <!-- Suite -->
</testng-results>
